0 info it worked if it ends with ok
1 verbose cli [ '/usr/bin/node', '/usr/bin/npm', 'run', 'package' ]
2 info using npm@3.5.2
3 info using node@v8.10.0
4 verbose run-script [ 'prepackage', 'package', 'postpackage' ]
5 info lifecycle delta.chat-kaios@1.0.0~prepackage: delta.chat-kaios@1.0.0
6 silly lifecycle delta.chat-kaios@1.0.0~prepackage: no script for prepackage, continuing
7 info lifecycle delta.chat-kaios@1.0.0~package: delta.chat-kaios@1.0.0
8 verbose lifecycle delta.chat-kaios@1.0.0~package: unsafe-perm in lifecycle true
9 verbose lifecycle delta.chat-kaios@1.0.0~package: PATH: /usr/share/npm/bin/node-gyp-bin:/home/strukturart/Desktop/Pages/delta.chat-kaiOs/node_modules/.bin:/usr/local/sbin:/usr/local/bin:/usr/sbin:/usr/bin:/sbin:/bin:/usr/games:/usr/local/games:/snap/bin
10 verbose lifecycle delta.chat-kaios@1.0.0~package: CWD: /home/strukturart/Desktop/Pages/delta.chat-kaiOs
11 silly lifecycle delta.chat-kaios@1.0.0~package: Args: [ '-c', 'npm run build && ./tools/package' ]
12 silly lifecycle delta.chat-kaios@1.0.0~package: Returned: code: 1  signal: null
13 info lifecycle delta.chat-kaios@1.0.0~package: Failed to exec package script
14 verbose stack Error: delta.chat-kaios@1.0.0 package: `npm run build && ./tools/package`
14 verbose stack Exit status 1
14 verbose stack     at EventEmitter.<anonymous> (/usr/share/npm/lib/utils/lifecycle.js:232:16)
14 verbose stack     at emitTwo (events.js:126:13)
14 verbose stack     at EventEmitter.emit (events.js:214:7)
14 verbose stack     at ChildProcess.<anonymous> (/usr/share/npm/lib/utils/spawn.js:24:14)
14 verbose stack     at emitTwo (events.js:126:13)
14 verbose stack     at ChildProcess.emit (events.js:214:7)
14 verbose stack     at maybeClose (internal/child_process.js:925:16)
14 verbose stack     at Process.ChildProcess._handle.onexit (internal/child_process.js:209:5)
15 verbose pkgid delta.chat-kaios@1.0.0
16 verbose cwd /home/strukturart/Desktop/Pages/delta.chat-kaiOs
17 error Linux 4.15.0-91-generic
18 error argv "/usr/bin/node" "/usr/bin/npm" "run" "package"
19 error node v8.10.0
20 error npm  v3.5.2
21 error code ELIFECYCLE
22 error delta.chat-kaios@1.0.0 package: `npm run build && ./tools/package`
22 error Exit status 1
23 error Failed at the delta.chat-kaios@1.0.0 package script 'npm run build && ./tools/package'.
23 error Make sure you have the latest version of node.js and npm installed.
23 error If you do, this is most likely a problem with the delta.chat-kaios package,
23 error not with npm itself.
23 error Tell the author that this fails on your system:
23 error     npm run build && ./tools/package
23 error You can get information on how to open an issue for this project with:
23 error     npm bugs delta.chat-kaios
23 error Or if that isn't available, you can get their info via:
23 error     npm owner ls delta.chat-kaios
23 error There is likely additional logging output above.
24 verbose exit [ 1, true ]
